2025-01-06 12:10:34 - debug - Checking loop iteration values.
2025-01-06 12:10:34 - warning - Disk space running low.
2025-01-06 12:10:34 - info - File processed without errors.
2025-01-06 12:10:34 - debug - Verifying cache mechanism.
2025-01-06 12:10:34 - error - File not found in specified path.
2025-01-06 12:10:34 - warning - High CPU usage on server.
2025-01-06 12:10:34 - info - Application started successfully.
2025-01-06 12:10:34 - error - Unhandled exception occurred.
2025-01-06 12:10:34 - warning - Potential memory leak detected.
2025-01-06 12:10:34 - error - Database connection failed.
2025-01-06 12:10:34 - warning - Deprecated API in use.
2025-01-06 12:10:34 - debug - Analyzing API response time.
2025-01-06 12:10:34 - warning - Potential memory leak detected.
2025-01-06 12:10:34 - info - User login event recorded.
2025-01-06 12:10:34 - error - File not found in specified path.
2025-01-06 12:10:34 - error - Database connection failed.
2025-01-06 12:10:34 - error - File not found in specified path.
2025-01-06 12:10:34 - error - Unhandled exception occurred.
2025-01-06 12:10:34 - info - Scheduled task executed.
2025-01-06 12:10:34 - warning - Deprecated API in use.
2025-01-06 12:10:34 - debug - Verifying cache mechanism.
2025-01-06 12:10:34 - error - File not found in specified path.
2025-01-06 12:10:34 - debug - Verifying cache mechanism.
2025-01-06 12:10:34 - warning - Deprecated API in use.
2025-01-06 12:10:34 - debug - Analyzing API response time.
2025-01-06 12:10:34 - error - Permission denied during file access.
2025-01-06 12:10:34 - warning - Deprecated API in use.
2025-01-06 12:10:34 - error - File not found in specified path.
2025-01-06 12:10:34 - error - Database connection failed.
2025-01-06 12:10:34 - info - File processed without errors.
2025-01-06 12:10:34 - warning - Deprecated API in use.
2025-01-06 12:10:34 - debug - debugging variable initialization.
2025-01-06 12:10:34 - debug - Checking loop iteration values.
2025-01-06 12:10:34 - info - User login event recorded.
2025-01-06 12:10:34 - debug - debugging variable initialization.
2025-01-06 12:10:34 - error - Permission denied during file access.
2025-01-06 12:10:34 - debug - Analyzing API response time.
2025-01-06 12:10:34 - warning - Deprecated API in use.
2025-01-06 12:10:34 - warning - High CPU usage on server.
2025-01-06 12:10:34 - debug - debugging variable initialization.
2025-01-06 12:10:34 - warning - High CPU usage on server.
2025-01-06 12:10:34 - debug - Checking loop iteration values.
2025-01-06 12:10:34 - warning - High CPU usage on server.
2025-01-06 12:10:34 - error - Unhandled exception occurred.
2025-01-06 12:10:34 - error - Permission denied during file access.
2025-01-06 12:10:34 - info - Application started successfully.
2025-01-06 12:10:34 - info - Scheduled task executed.
2025-01-06 12:10:34 - warning - Disk space running low.
2025-01-06 12:10:34 - info - User login event recorded.
2025-01-06 12:10:34 - info - User login event recorded.
